c:\users\nerianne\desktop\git projects\ics_167_snakes_on_a_plane\server\servervs\servervs\debug\vc140.pdb
c:\users\nerianne\desktop\git projects\ics_167_snakes_on_a_plane\server\servervs\servervs\debug\vc140.idb
c:\users\nerianne\desktop\git projects\ics_167_snakes_on_a_plane\server\servervs\servervs\debug\base64.obj
c:\users\nerianne\desktop\git projects\ics_167_snakes_on_a_plane\server\servervs\servervs\debug\main.obj
c:\users\nerianne\desktop\git projects\ics_167_snakes_on_a_plane\server\servervs\servervs\debug\sha1.obj
c:\users\nerianne\desktop\git projects\ics_167_snakes_on_a_plane\server\servervs\servervs\debug\snake.obj
c:\users\nerianne\desktop\git projects\ics_167_snakes_on_a_plane\server\servervs\servervs\debug\websocket.obj
c:\users\nerianne\desktop\git projects\ics_167_snakes_on_a_plane\server\servervs\debug\servervs.ilk
c:\users\nerianne\desktop\git projects\ics_167_snakes_on_a_plane\server\servervs\debug\servervs.exe
c:\users\nerianne\desktop\git projects\ics_167_snakes_on_a_plane\server\servervs\debug\servervs.pdb
c:\users\zachary\documents\github\ics_167_snakes_on_a_plane\server\servervs\servervs\debug\base64.obj
c:\users\zachary\documents\github\ics_167_snakes_on_a_plane\server\servervs\servervs\debug\main.obj
c:\users\zachary\documents\github\ics_167_snakes_on_a_plane\server\servervs\servervs\debug\sha1.obj
c:\users\zachary\documents\github\ics_167_snakes_on_a_plane\server\servervs\servervs\debug\snake.obj
c:\users\zachary\documents\github\ics_167_snakes_on_a_plane\server\servervs\servervs\debug\websocket.obj
c:\users\zachary\documents\github\ics_167_snakes_on_a_plane\server\servervs\servervs\debug\vc140.idb
c:\users\zachary\documents\github\ics_167_snakes_on_a_plane\server\servervs\servervs\debug\vc140.pdb
c:\users\zachary\documents\github\ics_167_snakes_on_a_plane\server\servervs\debug\servervs.pdb
c:\users\zachary\documents\github\ics_167_snakes_on_a_plane\server\servervs\debug\servervs.exe
c:\users\zachary\documents\github\ics_167_snakes_on_a_plane\server\servervs\debug\servervs.ilk
c:\users\zachary\documents\github\ics_167_snakes_on_a_plane\server\servervs\servervs\debug\servervs.tlog\cl.command.1.tlog
c:\users\zachary\documents\github\ics_167_snakes_on_a_plane\server\servervs\servervs\debug\servervs.tlog\cl.read.1.tlog
c:\users\zachary\documents\github\ics_167_snakes_on_a_plane\server\servervs\servervs\debug\servervs.tlog\cl.write.1.tlog
c:\users\zachary\documents\github\ics_167_snakes_on_a_plane\server\servervs\servervs\debug\servervs.tlog\link.command.1.tlog
c:\users\zachary\documents\github\ics_167_snakes_on_a_plane\server\servervs\servervs\debug\servervs.tlog\link.read.1.tlog
c:\users\zachary\documents\github\ics_167_snakes_on_a_plane\server\servervs\servervs\debug\servervs.tlog\link.write.1.tlog
